<?xml version="1.0" encoding="UTF-8"?>
<testng-results ignored="6" total="9" passed="2" failed="1" skipped="0">
  <reporter-output>
  </reporter-output>
  <suite started-at="2026-04-14T13:01:22 IST" name="SauceDemo Suite" finished-at="2026-04-14T13:01:42 IST" duration-ms="20387">
    <groups>
    </groups>
    <test started-at="2026-04-14T13:01:22 IST" name="Regression Tests" finished-at="2026-04-14T13:01:42 IST" duration-ms="20387">
      <class name="com.saucedemo.tests.LoginTest">
        <test-method is-config="true" signature="setUp()[pri:0, instance:com.saucedemo.tests.LoginTest@27912e3]" started-at="2026-04-14T13:01:24 IST" name="setUp" finished-at="2026-04-14T13:01:30 IST" duration-ms="5999" status="PASS">
          <reporter-output>
          </reporter-output>
        </test-method> <!-- setUp -->
        <test-method signature="verifyLoginWithMultipleUsers(java.lang.String,java.lang.String)[pri:0, instance:com.saucedemo.tests.LoginTest@27912e3]" started-at="2026-04-14T13:01:30 IST" name="verifyLoginWithMultipleUsers" data-provider="LoginData" finished-at="2026-04-14T13:01:31 IST" duration-ms="618" status="PASS">
          <params>
            <param index="0">
              <value>
                <![CDATA[standard_user]]>
              </value>
            </param>
            <param index="1">
              <value>
                <![CDATA[secret_sauce]]>
              </value>
            </param>
          </params>
          <reporter-output>
          </reporter-output>
        </test-method> <!-- verifyLoginWithMultipleUsers -->
        <test-method is-config="true" signature="tearDown()[pri:0, instance:com.saucedemo.tests.LoginTest@27912e3]" started-at="2026-04-14T13:01:31 IST" name="tearDown" finished-at="2026-04-14T13:01:31 IST" duration-ms="259" status="PASS">
          <reporter-output>
          </reporter-output>
        </test-method> <!-- tearDown -->
        <test-method is-config="true" signature="setUp()[pri:0, instance:com.saucedemo.tests.LoginTest@27912e3]" started-at="2026-04-14T13:01:31 IST" name="setUp" finished-at="2026-04-14T13:01:36 IST" duration-ms="4730" status="PASS">
          <reporter-output>
          </reporter-output>
        </test-method> <!-- setUp -->
        <test-method signature="verifyLoginWithMultipleUsers(java.lang.String,java.lang.String)[pri:0, instance:com.saucedemo.tests.LoginTest@27912e3]" started-at="2026-04-14T13:01:36 IST" name="verifyLoginWithMultipleUsers" data-provider="LoginData" finished-at="2026-04-14T13:01:36 IST" duration-ms="526" status="PASS">
          <params>
            <param index="0">
              <value>
                <![CDATA[problem_user]]>
              </value>
            </param>
            <param index="1">
              <value>
                <![CDATA[secret_sauce]]>
              </value>
            </param>
          </params>
          <reporter-output>
          </reporter-output>
        </test-method> <!-- verifyLoginWithMultipleUsers -->
        <test-method is-config="true" signature="tearDown()[pri:0, instance:com.saucedemo.tests.LoginTest@27912e3]" started-at="2026-04-14T13:01:36 IST" name="tearDown" finished-at="2026-04-14T13:01:36 IST" duration-ms="247" status="PASS">
          <reporter-output>
          </reporter-output>
        </test-method> <!-- tearDown -->
        <test-method is-config="true" signature="setUp()[pri:0, instance:com.saucedemo.tests.LoginTest@27912e3]" started-at="2026-04-14T13:01:36 IST" name="setUp" finished-at="2026-04-14T13:01:42 IST" duration-ms="5185" status="PASS">
          <reporter-output>
          </reporter-output>
        </test-method> <!-- setUp -->
        <test-method signature="verifyLoginWithMultipleUsers(java.lang.String,java.lang.String)[pri:0, instance:com.saucedemo.tests.LoginTest@27912e3]" started-at="2026-04-14T13:01:42 IST" name="verifyLoginWithMultipleUsers" data-provider="LoginData" finished-at="2026-04-14T13:01:42 IST" duration-ms="360" status="FAIL">
          <params>
            <param index="0">
              <value>
                <![CDATA[wrong_pass]]>
              </value>
            </param>
            <param index="1">
              <value>
                <![CDATA[secret_sauce]]>
              </value>
            </param>
          </params>
          <exception class="java.lang.AssertionError">
            <message>
              <![CDATA[Login fail ho gaya: URL match nahi kar raha! expected [https://www.saucedemo.com/inventory.html] but found [https://www.saucedemo.com/]]]>
            </message>
            <full-stacktrace>
              <![CDATA[java.lang.AssertionError: Login fail ho gaya: URL match nahi kar raha! expected [https://www.saucedemo.com/inventory.html] but found [https://www.saucedemo.com/]
at org.testng.Assert.fail(Assert.java:111)
at org.testng.Assert.failNotEquals(Assert.java:1590)
at org.testng.Assert.assertEqualsImpl(Assert.java:150)
at org.testng.Assert.assertEquals(Assert.java:132)
at org.testng.Assert.assertEquals(Assert.java:656)
at com.saucedemo.tests.LoginTest.verifyLoginWithMultipleUsers(LoginTest.java:40)
at java.base/jdk.internal.reflect.DirectMethodHandleAccessor.invoke(DirectMethodHandleAccessor.java:103)
at java.base/java.lang.reflect.Method.invoke(Method.java:580)
at org.testng.internal.invokers.MethodInvocationHelper.invokeMethod(MethodInvocationHelper.java:141)
at org.testng.internal.invokers.TestInvoker.invokeMethod(TestInvoker.java:687)
at org.testng.internal.invokers.TestInvoker.invokeTestMethod(TestInvoker.java:230)
at org.testng.internal.invokers.MethodRunner.runInSequence(MethodRunner.java:63)
at org.testng.internal.invokers.TestInvoker$MethodInvocationAgent.invoke(TestInvoker.java:995)
at org.testng.internal.invokers.TestInvoker.invokeTestMethods(TestInvoker.java:203)
at org.testng.internal.invokers.TestMethodWorker.invokeTestMethods(TestMethodWorker.java:154)
at org.testng.internal.invokers.TestMethodWorker.run(TestMethodWorker.java:134)
at java.base/java.util.ArrayList.forEach(ArrayList.java:1597)
at org.testng.TestRunner.privateRun(TestRunner.java:741)
at org.testng.TestRunner.run(TestRunner.java:616)
at org.testng.SuiteRunner.runTest(SuiteRunner.java:421)
at org.testng.SuiteRunner.runSequentially(SuiteRunner.java:413)
at org.testng.SuiteRunner.privateRun(SuiteRunner.java:373)
at org.testng.SuiteRunner.run(SuiteRunner.java:312)
at org.testng.SuiteRunnerWorker.runSuite(SuiteRunnerWorker.java:52)
at org.testng.SuiteRunnerWorker.run(SuiteRunnerWorker.java:95)
at org.testng.TestNG.runSuitesSequentially(TestNG.java:1274)
at org.testng.TestNG.runSuitesLocally(TestNG.java:1208)
at org.testng.TestNG.runSuites(TestNG.java:1112)
at org.testng.TestNG.run(TestNG.java:1079)
at org.testng.remote.AbstractRemoteTestNG.run(AbstractRemoteTestNG.java:115)
at org.testng.remote.RemoteTestNG.initAndRun(RemoteTestNG.java:293)
at org.testng.remote.RemoteTestNG.main(RemoteTestNG.java:91)
]]>
            </full-stacktrace>
          </exception> <!-- java.lang.AssertionError -->
          <reporter-output>
          </reporter-output>
        </test-method> <!-- verifyLoginWithMultipleUsers -->
        <test-method is-config="true" signature="tearDown()[pri:0, instance:com.saucedemo.tests.LoginTest@27912e3]" started-at="2026-04-14T13:01:42 IST" name="tearDown" finished-at="2026-04-14T13:01:42 IST" duration-ms="209" status="PASS">
          <reporter-output>
          </reporter-output>
        </test-method> <!-- tearDown -->
      </class> <!-- com.saucedemo.tests.LoginTest -->
    </test> <!-- Regression Tests -->
  </suite> <!-- SauceDemo Suite -->
</testng-results>
