<?xml version="1.0" encoding="UTF-8"?>
<!-- Generated by org.testng.reporters.JUnitXMLReporter -->
<testsuite ignored="6" hostname="DESKTOP-3QV46RF" failures="1" tests="3" name="Regression Tests" time="20.387" errors="0" timestamp="2026-04-14T13:01:43 IST">
  <testcase classname="com.saucedemo.tests.LoginTest" name="verifyLoginWithMultipleUsers" time="0.618"/>
  <testcase classname="com.saucedemo.tests.LoginTest" name="verifyLoginWithMultipleUsers" time="0.526"/>
  <testcase classname="com.saucedemo.tests.LoginTest" name="verifyLoginWithMultipleUsers" time="0.36">
    <failure type="java.lang.AssertionError" message="Login fail ho gaya: URL match nahi kar raha! expected [https://www.saucedemo.com/inventory.html] but found [https://www.saucedemo.com/]">
      <![CDATA[java.lang.AssertionError: Login fail ho gaya: URL match nahi kar raha! expected [https://www.saucedemo.com/inventory.html] but found [https://www.saucedemo.com/]
at com.saucedemo.tests.LoginTest.verifyLoginWithMultipleUsers(LoginTest.java:40)
at java.base/java.util.ArrayList.forEach(ArrayList.java:1597)
... Removed 30 stack frames]]>
    </failure>
  </testcase> <!-- verifyLoginWithMultipleUsers -->
  <testcase classname="com.saucedemo.tests.LoginTest" name="verifyWindowHandle" time="0.0">
    <ignored/>
  </testcase> <!-- verifyWindowHandle -->
  <testcase classname="com.saucedemo.tests.LoginTest" name="verifyProductSorting" time="0.0">
    <ignored/>
  </testcase> <!-- verifyProductSorting -->
  <testcase classname="com.saucedemo.tests.LoginTest" name="testScreenshotOnFailure" time="0.0">
    <ignored/>
  </testcase> <!-- testScreenshotOnFailure -->
  <testcase classname="com.saucedemo.tests.LoginTest" name="verifyLogin" time="0.0">
    <ignored/>
  </testcase> <!-- verifyLogin -->
  <testcase classname="com.saucedemo.tests.LoginTest" name="verifyMultipuleLogins" time="0.0">
    <ignored/>
  </testcase> <!-- verifyMultipuleLogins -->
  <testcase classname="com.saucedemo.tests.LoginTest" name="verifyProductAddToCart" time="0.0">
    <ignored/>
  </testcase> <!-- verifyProductAddToCart -->
</testsuite> <!-- Regression Tests -->
